<?xml version="1.0" encoding="UTF-8"?>
<testng-results ignored="0" total="1" passed="1" failed="0" skipped="0">
  <reporter-output>
  </reporter-output>
  <suite started-at="2026-03-21T15:35:06 IST" name="Default suite" finished-at="2026-03-21T15:35:19 IST" duration-ms="13281">
    <groups>
    </groups>
    <test started-at="2026-03-21T15:35:06 IST" name="Default test" finished-at="2026-03-21T15:35:19 IST" duration-ms="13281">
      <class name="tests.FlightSearchtest">
        <test-method is-config="true" signature="startReport()[pri:0, instance:tests.FlightSearchtest@77f1baf5]" started-at="2026-03-21T15:35:06 IST" name="startReport" finished-at="2026-03-21T15:35:06 IST" duration-ms="218" status="PASS">
          <reporter-output>
          </reporter-output>
        </test-method> <!-- startReport -->
        <test-method is-config="true" signature="setUp()[pri:0, instance:tests.FlightSearchtest@77f1baf5]" started-at="2026-03-21T15:35:06 IST" name="setUp" finished-at="2026-03-21T15:35:13 IST" duration-ms="7092" status="PASS">
          <reporter-output>
          </reporter-output>
        </test-method> <!-- setUp -->
        <test-method signature="verifyFlightSearch()[pri:0, instance:tests.FlightSearchtest@77f1baf5]" started-at="2026-03-21T15:35:13 IST" name="verifyFlightSearch" finished-at="2026-03-21T15:35:19 IST" duration-ms="6156" status="PASS">
          <reporter-output>
          </reporter-output>
        </test-method> <!-- verifyFlightSearch -->
        <test-method is-config="true" signature="tearDown()[pri:0, instance:tests.FlightSearchtest@77f1baf5]" started-at="2026-03-21T15:35:19 IST" name="tearDown" finished-at="2026-03-21T15:35:19 IST" duration-ms="0" status="PASS">
          <reporter-output>
          </reporter-output>
        </test-method> <!-- tearDown -->
        <test-method is-config="true" signature="endReport()[pri:0, instance:tests.FlightSearchtest@77f1baf5]" started-at="2026-03-21T15:35:19 IST" name="endReport" finished-at="2026-03-21T15:35:20 IST" duration-ms="696" status="PASS">
          <reporter-output>
          </reporter-output>
        </test-method> <!-- endReport -->
      </class> <!-- tests.FlightSearchtest -->
    </test> <!-- Default test -->
  </suite> <!-- Default suite -->
</testng-results>
